{"level":"info","message":"🔌 WebSocket handler initialized (Socket.io)","timestamp":"2025-09-26T10:12:42.220Z"}
{"level":"info","message":"✅ Database connection successful","timestamp":"2025-09-26T10:12:42.238Z"}
{"level":"info","message":"✅ Database Manager initialized successfully","timestamp":"2025-09-26T10:12:42.238Z"}
{"level":"info","message":"🔄 Initializing database...","timestamp":"2025-09-26T10:12:42.239Z"}
{"level":"info","message":"✅ SQL file executed: 001_create_tables.sql","timestamp":"2025-09-26T10:12:42.303Z"}
{"level":"info","message":"✅ SQL file executed: 002_default_data.sql","timestamp":"2025-09-26T10:12:42.320Z"}
{"level":"info","message":"✅ Database initialized successfully","timestamp":"2025-09-26T10:12:42.320Z"}
{"level":"info","message":"🧹 Module status cleanup started (every 1min, max age 5min)","timestamp":"2025-09-26T10:12:42.320Z"}
{"level":"info","message":"🚀 MicroCoaster Server running on port 3000","timestamp":"2025-09-26T10:12:42.322Z"}
{"level":"info","message":"📱 Web interface: http://localhost:3000","timestamp":"2025-09-26T10:12:42.322Z"}
{"level":"info","message":"🔌 WebSocket: ws://localhost:3000","timestamp":"2025-09-26T10:12:42.322Z"}
{"level":"info","message":"User authenticated:","timestamp":"2025-09-26T10:12:49.905Z"}
{"level":"info","message":"👤 Client connected: Admin Principal (ID: 1, Code: undefined)","timestamp":"2025-09-26T10:12:50.964Z"}
{"level":"info","message":"👤 Client connected: Admin Principal (ID: 1, Code: undefined)","timestamp":"2025-09-26T10:12:50.967Z"}
{"level":"info","message":"📋 User Admin Principal has 5 modules in database","timestamp":"2025-09-26T10:12:50.969Z"}
{"level":"info","message":"🔗 Auto-claimed module: MC-1234-STN for user undefined","timestamp":"2025-09-26T10:12:50.969Z"}
{"level":"info","message":"🔗 Auto-claimed module: MC-1234-LT for user undefined","timestamp":"2025-09-26T10:12:50.969Z"}
{"level":"info","message":"🔗 Auto-claimed module: MC-0001-STN for user undefined","timestamp":"2025-09-26T10:12:50.969Z"}
{"level":"info","message":"🔗 Auto-claimed module: MC-1802-LFX for user undefined","timestamp":"2025-09-26T10:12:50.969Z"}
{"level":"info","message":"🔗 Auto-claimed module: MC-0001-ST for user undefined","timestamp":"2025-09-26T10:12:50.969Z"}
{"level":"info","message":"→ TX web code=? modules_state\n[\n  {\n    \"moduleId\": \"MC-1234-STN\",\n    \"online\": false,\n    \"lastSeen\": {}\n  },\n  {\n    \"moduleId\": \"MC-1234-LT\",\n    \"online\": false,\n    \"lastSeen\": {}\n  },\n  {\n    \"moduleId\": \"MC-0001-STN\",\n    \"online\": false,\n    \"lastSeen\": {}\n  },\n  {\n    \"moduleId\": \"MC-1802-LFX\",\n    \"online\": false,\n    \"lastSeen\": {}\n  },\n  {\n    \"moduleId\": \"MC-0001-ST\",\n    \"online\": false,\n    \"lastSeen\": {}\n  }\n]\n","timestamp":"2025-09-26T10:12:50.970Z"}
{"level":"info","message":"📋 User Admin Principal has 5 modules in database","timestamp":"2025-09-26T10:12:50.974Z"}
{"level":"info","message":"🔗 Auto-claimed module: MC-1234-STN for user undefined","timestamp":"2025-09-26T10:12:50.974Z"}
{"level":"info","message":"🔗 Auto-claimed module: MC-1234-LT for user undefined","timestamp":"2025-09-26T10:12:50.974Z"}
{"level":"info","message":"🔗 Auto-claimed module: MC-0001-STN for user undefined","timestamp":"2025-09-26T10:12:50.974Z"}
{"level":"info","message":"🔗 Auto-claimed module: MC-1802-LFX for user undefined","timestamp":"2025-09-26T10:12:50.974Z"}
{"level":"info","message":"🔗 Auto-claimed module: MC-0001-ST for user undefined","timestamp":"2025-09-26T10:12:50.975Z"}
{"level":"info","message":"→ TX web code=? modules_state\n[\n  {\n    \"moduleId\": \"MC-1234-STN\",\n    \"online\": false,\n    \"lastSeen\": {}\n  },\n  {\n    \"moduleId\": \"MC-1234-LT\",\n    \"online\": false,\n    \"lastSeen\": {}\n  },\n  {\n    \"moduleId\": \"MC-0001-STN\",\n    \"online\": false,\n    \"lastSeen\": {}\n  },\n  {\n    \"moduleId\": \"MC-1802-LFX\",\n    \"online\": false,\n    \"lastSeen\": {}\n  },\n  {\n    \"moduleId\": \"MC-0001-ST\",\n    \"online\": false,\n    \"lastSeen\": {}\n  }\n]\n","timestamp":"2025-09-26T10:12:50.975Z"}
{"level":"info","message":"👤 Client disconnected: Admin Principal","timestamp":"2025-09-26T10:12:51.500Z"}
{"level":"info","message":"👤 Client disconnected: Admin Principal","timestamp":"2025-09-26T10:12:51.501Z"}
